[2018-08-09 15:47:57.868372] INFO: 接口: excel文件路径 H:\PycharmProjects\demo\test_excel_data\data.xlsx
[2018-08-09 15:47:57.965377] INFO: 接口: 请求响应结果是：成功
[2018-08-09 15:47:57.966377] INFO: 接口: 登录===断言正常
[2018-08-09 15:47:58.023380] INFO: 接口: 102004
[2018-08-09 15:47:58.023380] INFO: 接口: 参数loginName必填项验证失败，结果是：用户名或密码错误
[2018-08-09 15:47:58.079384] INFO: 接口: 102004
[2018-08-09 15:47:58.080384] INFO: 接口: 参数password必填项验证失败，结果是：用户名或密码错误
[2018-08-09 15:47:58.147388] INFO: 接口: 102008
[2018-08-09 15:47:58.148388] INFO: 接口: 参数clientAppCode必填项验证失败，结果是：无权限访问
[2018-08-09 15:47:58.214391] INFO: 接口: 102008
[2018-08-09 15:47:58.215391] INFO: 接口: 参数clientIP必填项验证失败，结果是：无权限访问
[2018-08-09 15:47:58.280395] INFO: 接口: 102008
[2018-08-09 15:47:58.280395] INFO: 接口: 参数hostName必填项验证失败，结果是：无权限访问
[2018-08-09 15:47:58.357400] INFO: 接口: 102008
[2018-08-09 15:47:58.358400] INFO: 接口: 参数clientMAC必填项验证失败，结果是：无权限访问
[2018-08-09 15:47:58.434404] INFO: 接口: 000000
[2018-08-09 15:47:58.435404] INFO: 接口: 参数serverIP必填项验证失败，结果是：成功
[2018-08-09 15:47:58.492407] INFO: 接口: 102004
[2018-08-09 15:47:58.492407] INFO: 接口: 参数loginName字符长度限制验证失败，结果是：用户名或密码错误
[2018-08-09 15:47:58.549411] INFO: 接口: 102004
[2018-08-09 15:47:58.550411] INFO: 接口: 参数password字符长度限制验证失败，结果是：用户名或密码错误
[2018-08-09 15:47:58.616414] INFO: 接口: 102008
[2018-08-09 15:47:58.617414] INFO: 接口: 参数clientAppCode字符长度限制验证失败，结果是：无权限访问
[2018-08-09 15:47:58.681418] INFO: 接口: 102008
[2018-08-09 15:47:58.682418] INFO: 接口: 参数clientIP字符长度限制验证失败，结果是：无权限访问
[2018-08-09 15:47:58.747422] INFO: 接口: 102008
[2018-08-09 15:47:58.748422] INFO: 接口: 参数hostName字符长度限制验证失败，结果是：无权限访问
[2018-08-09 15:47:58.814426] INFO: 接口: 102008
[2018-08-09 15:47:58.814426] INFO: 接口: 参数clientMAC字符长度限制验证失败，结果是：无权限访问
[2018-08-09 15:47:58.891430] INFO: 接口: 000000
[2018-08-09 15:47:58.892430] INFO: 接口: 参数serverIP字符长度限制验证失败，结果是：成功
