[2018-08-06 14:33:37.303135] INFO: 接口: excel文件路径 H:\PycharmProjects\demo\test_excel_data\data.xlsx
[2018-08-06 14:33:37.362138] INFO: 接口: 请求响应结果是：成功
[2018-08-06 14:33:37.363138] INFO: 接口: 登录===断言正常
[2018-08-06 14:33:37.395140] INFO: 接口: 102004
[2018-08-06 14:33:37.395140] INFO: 接口: 参数loginName必填项验证失败，结果是：用户名或密码错误
[2018-08-06 14:33:37.425142] INFO: 接口: 102004
[2018-08-06 14:33:37.426142] INFO: 接口: 参数password必填项验证失败，结果是：用户名或密码错误
[2018-08-06 14:33:37.460144] INFO: 接口: 102008
[2018-08-06 14:33:37.461144] INFO: 接口: 参数clientAppCode必填项验证失败，结果是：无权限访问
[2018-08-06 14:33:37.491146] INFO: 接口: 102008
[2018-08-06 14:33:37.491146] INFO: 接口: 参数clientIP必填项验证失败，结果是：无权限访问
[2018-08-06 14:33:37.523148] INFO: 接口: 102008
[2018-08-06 14:33:37.524148] INFO: 接口: 参数hostName必填项验证失败，结果是：无权限访问
[2018-08-06 14:33:37.552149] INFO: 接口: 102008
[2018-08-06 14:33:37.553149] INFO: 接口: 参数clientMAC必填项验证失败，结果是：无权限访问
[2018-08-06 14:33:37.598152] INFO: 接口: 000000
[2018-08-06 14:33:37.599152] INFO: 接口: 参数serverIP必填项验证失败，结果是：成功
[2018-08-06 14:33:37.625153] INFO: 接口: 102004
[2018-08-06 14:33:37.626153] INFO: 接口: 参数loginName字符长度限制验证失败，结果是：用户名或密码错误
[2018-08-06 14:33:37.654155] INFO: 接口: 102004
[2018-08-06 14:33:37.655155] INFO: 接口: 参数password字符长度限制验证失败，结果是：用户名或密码错误
[2018-08-06 14:33:37.686157] INFO: 接口: 102008
[2018-08-06 14:33:37.687157] INFO: 接口: 参数clientAppCode字符长度限制验证失败，结果是：无权限访问
[2018-08-06 14:33:37.718159] INFO: 接口: 102008
[2018-08-06 14:33:37.719159] INFO: 接口: 参数clientIP字符长度限制验证失败，结果是：无权限访问
[2018-08-06 14:33:37.751161] INFO: 接口: 102008
[2018-08-06 14:33:37.752161] INFO: 接口: 参数hostName字符长度限制验证失败，结果是：无权限访问
[2018-08-06 14:33:37.783162] INFO: 接口: 102008
[2018-08-06 14:33:37.784163] INFO: 接口: 参数clientMAC字符长度限制验证失败，结果是：无权限访问
[2018-08-06 14:33:37.830165] INFO: 接口: 000000
[2018-08-06 14:33:37.831165] INFO: 接口: 参数serverIP字符长度限制验证失败，结果是：成功
