[2018-08-16 11:12:21.100808] INFO: 接口: excel文件路径 H:\PycharmProjects\demo\test_excel_data\data.xlsx
[2018-08-16 11:12:21.164812] INFO: 接口: 请求响应结果是：用户已登陆
[2018-08-16 11:12:21.194813] INFO: 接口: 102004
[2018-08-16 11:12:21.194813] INFO: 接口: 参数loginName必填项验证失败，结果是：用户名或密码错误
[2018-08-16 11:12:21.242816] INFO: 接口: 102004
[2018-08-16 11:12:21.242816] INFO: 接口: 参数password必填项验证失败，结果是：用户名或密码错误
[2018-08-16 11:12:21.278818] INFO: 接口: 102008
[2018-08-16 11:12:21.279818] INFO: 接口: 参数clientAppCode必填项验证失败，结果是：无权限访问
[2018-08-16 11:12:21.312820] INFO: 接口: 102008
[2018-08-16 11:12:21.313820] INFO: 接口: 参数clientIP必填项验证失败，结果是：无权限访问
[2018-08-16 11:12:21.345822] INFO: 接口: 102008
[2018-08-16 11:12:21.346822] INFO: 接口: 参数hostName必填项验证失败，结果是：无权限访问
[2018-08-16 11:12:21.379824] INFO: 接口: 102008
[2018-08-16 11:12:21.380824] INFO: 接口: 参数clientMAC必填项验证失败，结果是：无权限访问
[2018-08-16 11:12:21.414826] INFO: 接口: 102007
[2018-08-16 11:12:21.415826] INFO: 接口: 参数serverIP必填项验证失败，结果是：用户已登陆
[2018-08-16 11:12:21.444828] INFO: 接口: 102004
[2018-08-16 11:12:21.445828] INFO: 接口: 参数loginName字符长度限制验证失败，结果是：用户名或密码错误
[2018-08-16 11:12:21.477830] INFO: 接口: 102004
[2018-08-16 11:12:21.478830] INFO: 接口: 参数password字符长度限制验证失败，结果是：用户名或密码错误
[2018-08-16 11:12:21.509831] INFO: 接口: 102008
[2018-08-16 11:12:21.509831] INFO: 接口: 参数clientAppCode字符长度限制验证失败，结果是：无权限访问
[2018-08-16 11:12:21.540833] INFO: 接口: 102008
[2018-08-16 11:12:21.541833] INFO: 接口: 参数clientIP字符长度限制验证失败，结果是：无权限访问
[2018-08-16 11:12:21.573835] INFO: 接口: 102008
[2018-08-16 11:12:21.573835] INFO: 接口: 参数hostName字符长度限制验证失败，结果是：无权限访问
[2018-08-16 11:12:21.608837] INFO: 接口: 102008
[2018-08-16 11:12:21.609837] INFO: 接口: 参数clientMAC字符长度限制验证失败，结果是：无权限访问
[2018-08-16 11:12:21.642839] INFO: 接口: 102007
[2018-08-16 11:12:21.642839] INFO: 接口: 参数serverIP字符长度限制验证失败，结果是：用户已登陆
