[2018-09-18 11:42:42.745979] INFO: 接口: excel文件路径 H:\PycharmProjects\demo\test_excel_data\data.xlsx
[2018-09-18 11:42:42.872986] INFO: 接口: 请求响应结果是：成功
[2018-09-18 11:42:42.872986] INFO: 接口: 登录===断言正常
[2018-09-18 11:42:42.905988] INFO: 接口: 102004
[2018-09-18 11:42:42.906988] INFO: 接口: 参数loginName必填项验证失败，结果是：用户名或密码错误
[2018-09-18 11:42:42.940990] INFO: 接口: 102004
[2018-09-18 11:42:42.940990] INFO: 接口: 参数password必填项验证失败，结果是：用户名或密码错误
[2018-09-18 11:42:42.976992] INFO: 接口: 102008
[2018-09-18 11:42:42.976992] INFO: 接口: 参数clientAppCode必填项验证失败，结果是：无权限访问
[2018-09-18 11:42:43.012994] INFO: 接口: 102008
[2018-09-18 11:42:43.013994] INFO: 接口: 参数clientIP必填项验证失败，结果是：无权限访问
[2018-09-18 11:42:43.047996] INFO: 接口: 102008
[2018-09-18 11:42:43.048996] INFO: 接口: 参数hostName必填项验证失败，结果是：无权限访问
[2018-09-18 11:42:43.083998] INFO: 接口: 102008
[2018-09-18 11:42:43.084998] INFO: 接口: 参数clientMAC必填项验证失败，结果是：无权限访问
[2018-09-18 11:42:43.121000] INFO: 接口: 102008
[2018-09-18 11:42:43.121000] INFO: 接口: 参数serverIP必填项验证失败，结果是：无权限访问
[2018-09-18 11:42:43.152002] INFO: 接口: 102004
[2018-09-18 11:42:43.153002] INFO: 接口: 参数loginName字符长度限制验证失败，结果是：用户名或密码错误
[2018-09-18 11:42:43.187004] INFO: 接口: 102004
[2018-09-18 11:42:43.188004] INFO: 接口: 参数password字符长度限制验证失败，结果是：用户名或密码错误
[2018-09-18 11:42:43.223006] INFO: 接口: 102008
[2018-09-18 11:42:43.223006] INFO: 接口: 参数clientAppCode字符长度限制验证失败，结果是：无权限访问
[2018-09-18 11:42:43.258008] INFO: 接口: 102008
[2018-09-18 11:42:43.259008] INFO: 接口: 参数clientIP字符长度限制验证失败，结果是：无权限访问
[2018-09-18 11:42:43.294010] INFO: 接口: 102008
[2018-09-18 11:42:43.295010] INFO: 接口: 参数hostName字符长度限制验证失败，结果是：无权限访问
[2018-09-18 11:42:43.328012] INFO: 接口: 102008
[2018-09-18 11:42:43.329012] INFO: 接口: 参数clientMAC字符长度限制验证失败，结果是：无权限访问
[2018-09-18 11:42:43.366014] INFO: 接口: 102008
[2018-09-18 11:42:43.367014] INFO: 接口: 参数serverIP字符长度限制验证失败，结果是：无权限访问
