[2018-07-26 15:52:55.853127] INFO: 接口: excel文件路径 H:\PycharmProjects\demo\test_excel_data\data.xlsx
[2018-07-26 15:52:55.936132] INFO: 接口: 请求响应结果是：成功
[2018-07-26 15:52:55.937132] INFO: 接口: 登录===断言正常
[2018-07-26 15:52:55.965133] INFO: 接口: 102004
[2018-07-26 15:52:55.966133] INFO: 接口: 参数loginName必填项验证失败
[2018-07-26 15:52:55.993135] INFO: 接口: 102004
[2018-07-26 15:52:55.994135] INFO: 接口: 参数password必填项验证失败
[2018-07-26 15:52:56.026137] INFO: 接口: 102008
[2018-07-26 15:52:56.027137] INFO: 接口: 参数clientAppCode必填项验证失败
[2018-07-26 15:52:56.058139] INFO: 接口: 102008
[2018-07-26 15:52:56.059139] INFO: 接口: 参数clientIP必填项验证失败
[2018-07-26 15:52:56.090140] INFO: 接口: 102008
[2018-07-26 15:52:56.091141] INFO: 接口: 参数hostName必填项验证失败
[2018-07-26 15:52:56.123142] INFO: 接口: 102008
[2018-07-26 15:52:56.124142] INFO: 接口: 参数clientMAC必填项验证失败
[2018-07-26 15:52:56.191146] INFO: 接口: 000000
[2018-07-26 15:52:56.192146] INFO: 接口: 参数serverIP必填项验证失败
[2018-07-26 15:52:56.220148] INFO: 接口: 102004
[2018-07-26 15:52:56.221148] INFO: 接口: 参数loginName字符长度限制验证失败
[2018-07-26 15:52:56.249150] INFO: 接口: 102004
[2018-07-26 15:52:56.250150] INFO: 接口: 参数password字符长度限制验证失败
[2018-07-26 15:52:56.281151] INFO: 接口: 102008
[2018-07-26 15:52:56.282151] INFO: 接口: 参数clientAppCode字符长度限制验证失败
[2018-07-26 15:52:56.314153] INFO: 接口: 102008
[2018-07-26 15:52:56.315153] INFO: 接口: 参数clientIP字符长度限制验证失败
[2018-07-26 15:52:56.346155] INFO: 接口: 102008
[2018-07-26 15:52:56.347155] INFO: 接口: 参数hostName字符长度限制验证失败
[2018-07-26 15:52:56.379157] INFO: 接口: 102008
[2018-07-26 15:52:56.380157] INFO: 接口: 参数clientMAC字符长度限制验证失败
[2018-07-26 15:52:56.468162] INFO: 接口: 000000
[2018-07-26 15:52:56.469162] INFO: 接口: 参数serverIP字符长度限制验证失败
