[2018-07-26 16:30:17.685352] INFO: 接口: excel文件路径 H:\PycharmProjects\demo\test_excel_data\data.xlsx
[2018-07-26 16:30:17.770357] INFO: 接口: 请求响应结果是：成功
[2018-07-26 16:30:17.770357] INFO: 接口: 登录===断言正常
[2018-07-26 16:30:17.798359] INFO: 接口: 102004
[2018-07-26 16:30:17.799359] INFO: 接口: 参数loginName必填项验证失败，结果是：用户名或密码错误
[2018-07-26 16:30:17.829361] INFO: 接口: 102004
[2018-07-26 16:30:17.829361] INFO: 接口: 参数password必填项验证失败，结果是：用户名或密码错误
[2018-07-26 16:30:17.859362] INFO: 接口: 102008
[2018-07-26 16:30:17.860362] INFO: 接口: 参数clientAppCode必填项验证失败，结果是：无权限访问
[2018-07-26 16:30:17.891364] INFO: 接口: 102008
[2018-07-26 16:30:17.892364] INFO: 接口: 参数clientIP必填项验证失败，结果是：无权限访问
[2018-07-26 16:30:17.924366] INFO: 接口: 102008
[2018-07-26 16:30:17.925366] INFO: 接口: 参数hostName必填项验证失败，结果是：无权限访问
[2018-07-26 16:30:17.957368] INFO: 接口: 102008
[2018-07-26 16:30:17.958368] INFO: 接口: 参数clientMAC必填项验证失败，结果是：无权限访问
[2018-07-26 16:30:18.025372] INFO: 接口: 000000
[2018-07-26 16:30:18.026372] INFO: 接口: 参数serverIP必填项验证失败，结果是：成功
[2018-07-26 16:30:18.053373] INFO: 接口: 102004
[2018-07-26 16:30:18.054373] INFO: 接口: 参数loginName字符长度限制验证失败，结果是：用户名或密码错误
[2018-07-26 16:30:18.082375] INFO: 接口: 102004
[2018-07-26 16:30:18.083375] INFO: 接口: 参数password字符长度限制验证失败，结果是：用户名或密码错误
[2018-07-26 16:30:18.114377] INFO: 接口: 102008
[2018-07-26 16:30:18.115377] INFO: 接口: 参数clientAppCode字符长度限制验证失败，结果是：无权限访问
[2018-07-26 16:30:18.147379] INFO: 接口: 102008
[2018-07-26 16:30:18.147379] INFO: 接口: 参数clientIP字符长度限制验证失败，结果是：无权限访问
[2018-07-26 16:30:18.181381] INFO: 接口: 102008
[2018-07-26 16:30:18.182381] INFO: 接口: 参数hostName字符长度限制验证失败，结果是：无权限访问
[2018-07-26 16:30:18.211382] INFO: 接口: 102008
[2018-07-26 16:30:18.212383] INFO: 接口: 参数clientMAC字符长度限制验证失败，结果是：无权限访问
[2018-07-26 16:30:18.280386] INFO: 接口: 000000
[2018-07-26 16:30:18.281386] INFO: 接口: 参数serverIP字符长度限制验证失败，结果是：成功
