[2018-08-16 10:50:04.179638] INFO: 接口: excel文件路径 H:\PycharmProjects\demo\test_excel_data\data.xlsx
[2018-08-16 10:50:04.417652] INFO: 接口: 请求响应结果是：用户名或密码错误
[2018-08-16 10:50:04.445654] INFO: 接口: 102004
[2018-08-16 10:50:04.445654] INFO: 接口: 参数loginName必填项验证失败，结果是：用户名或密码错误
[2018-08-16 10:50:04.475655] INFO: 接口: 102004
[2018-08-16 10:50:04.475655] INFO: 接口: 参数password必填项验证失败，结果是：用户名或密码错误
[2018-08-16 10:50:04.505657] INFO: 接口: 102004
[2018-08-16 10:50:04.506657] INFO: 接口: 参数clientAppCode必填项验证失败，结果是：用户名或密码错误
[2018-08-16 10:50:04.534659] INFO: 接口: 102004
[2018-08-16 10:50:04.535659] INFO: 接口: 参数clientIP必填项验证失败，结果是：用户名或密码错误
[2018-08-16 10:50:04.564660] INFO: 接口: 102004
[2018-08-16 10:50:04.564660] INFO: 接口: 参数hostName必填项验证失败，结果是：用户名或密码错误
[2018-08-16 10:50:04.592662] INFO: 接口: 102004
[2018-08-16 10:50:04.593662] INFO: 接口: 参数clientMAC必填项验证失败，结果是：用户名或密码错误
[2018-08-16 10:50:04.620664] INFO: 接口: 102004
[2018-08-16 10:50:04.621664] INFO: 接口: 参数serverIP必填项验证失败，结果是：用户名或密码错误
[2018-08-16 10:50:04.649665] INFO: 接口: 102004
[2018-08-16 10:50:04.651665] INFO: 接口: 参数loginName字符长度限制验证失败，结果是：用户名或密码错误
[2018-08-16 10:50:04.678667] INFO: 接口: 102004
[2018-08-16 10:50:04.680667] INFO: 接口: 参数password字符长度限制验证失败，结果是：用户名或密码错误
[2018-08-16 10:50:04.708669] INFO: 接口: 102004
[2018-08-16 10:50:04.709669] INFO: 接口: 参数clientAppCode字符长度限制验证失败，结果是：用户名或密码错误
[2018-08-16 10:50:04.739670] INFO: 接口: 102004
[2018-08-16 10:50:04.739670] INFO: 接口: 参数clientIP字符长度限制验证失败，结果是：用户名或密码错误
[2018-08-16 10:50:04.770672] INFO: 接口: 102004
[2018-08-16 10:50:04.771672] INFO: 接口: 参数hostName字符长度限制验证失败，结果是：用户名或密码错误
[2018-08-16 10:50:04.802674] INFO: 接口: 102004
[2018-08-16 10:50:04.803674] INFO: 接口: 参数clientMAC字符长度限制验证失败，结果是：用户名或密码错误
[2018-08-16 10:50:04.832676] INFO: 接口: 102004
[2018-08-16 10:50:04.834676] INFO: 接口: 参数serverIP字符长度限制验证失败，结果是：用户名或密码错误
