[2018-08-16 09:41:15.528968] INFO: 接口: excel文件路径 H:\PycharmProjects\demo\test_excel_data\data.xlsx
[2018-08-16 09:41:15.820985] INFO: 接口: 请求响应结果是：用户名或密码错误
[2018-08-16 09:41:15.842986] INFO: 接口: 102004
[2018-08-16 09:41:15.843986] INFO: 接口: 参数loginName必填项验证失败，结果是：用户名或密码错误
[2018-08-16 09:41:15.876988] INFO: 接口: 102004
[2018-08-16 09:41:15.877988] INFO: 接口: 参数password必填项验证失败，结果是：用户名或密码错误
[2018-08-16 09:41:15.912990] INFO: 接口: 102004
[2018-08-16 09:41:15.913990] INFO: 接口: 参数clientAppCode必填项验证失败，结果是：用户名或密码错误
[2018-08-16 09:41:15.936992] INFO: 接口: 102004
[2018-08-16 09:41:15.936992] INFO: 接口: 参数clientIP必填项验证失败，结果是：用户名或密码错误
[2018-08-16 09:41:15.963993] INFO: 接口: 102004
[2018-08-16 09:41:15.964993] INFO: 接口: 参数hostName必填项验证失败，结果是：用户名或密码错误
[2018-08-16 09:41:15.993995] INFO: 接口: 102004
[2018-08-16 09:41:15.994995] INFO: 接口: 参数clientMAC必填项验证失败，结果是：用户名或密码错误
[2018-08-16 09:41:16.020997] INFO: 接口: 102004
[2018-08-16 09:41:16.022997] INFO: 接口: 参数serverIP必填项验证失败，结果是：用户名或密码错误
[2018-08-16 09:41:16.045998] INFO: 接口: 102004
[2018-08-16 09:41:16.046998] INFO: 接口: 参数loginName字符长度限制验证失败，结果是：用户名或密码错误
[2018-08-16 09:41:16.075000] INFO: 接口: 102004
[2018-08-16 09:41:16.076000] INFO: 接口: 参数password字符长度限制验证失败，结果是：用户名或密码错误
[2018-08-16 09:41:16.098001] INFO: 接口: 102004
[2018-08-16 09:41:16.099001] INFO: 接口: 参数clientAppCode字符长度限制验证失败，结果是：用户名或密码错误
[2018-08-16 09:41:16.119002] INFO: 接口: 102004
[2018-08-16 09:41:16.120002] INFO: 接口: 参数clientIP字符长度限制验证失败，结果是：用户名或密码错误
[2018-08-16 09:41:16.141003] INFO: 接口: 102004
[2018-08-16 09:41:16.142004] INFO: 接口: 参数hostName字符长度限制验证失败，结果是：用户名或密码错误
[2018-08-16 09:41:16.164005] INFO: 接口: 102004
[2018-08-16 09:41:16.165005] INFO: 接口: 参数clientMAC字符长度限制验证失败，结果是：用户名或密码错误
[2018-08-16 09:41:16.197007] INFO: 接口: 102004
[2018-08-16 09:41:16.198007] INFO: 接口: 参数serverIP字符长度限制验证失败，结果是：用户名或密码错误
